{"level":"debug","message":"Marketplace service started","module":"marketplace","timestamp":"2025-10-19T16:42:23.632Z"}
{"level":"debug","message":"Call service started","module":"calls","timestamp":"2025-10-19T16:42:23.635Z"}
{"level":"debug","message":"Player Service started","module":"player","timestamp":"2025-10-19T16:42:23.636Z"}
{"level":"info","message":"Loading QBX bridge....","timestamp":"2025-10-19T16:42:23.637Z"}
{"level":"info","message":"QBX bridge initialized","timestamp":"2025-10-19T16:42:23.637Z"}
{"level":"debug","message":"Boot service started","module":"boot","timestamp":"2025-10-19T16:42:23.637Z"}
{"level":"debug","message":"Messages service started","module":"messages","timestamp":"2025-10-19T16:42:23.638Z"}
{"level":"debug","message":"Notes service started","module":"notes","timestamp":"2025-10-19T16:42:23.638Z"}
{"level":"debug","message":"Contacts service started","module":"contact","timestamp":"2025-10-19T16:42:23.638Z"}
{"level":"debug","message":"Photo service started","module":"photo","timestamp":"2025-10-19T16:42:23.650Z"}
{"level":"debug","message":"Twitter service started","module":"twitter","timestamp":"2025-10-19T16:42:23.651Z"}
{"level":"debug","message":"Match service started","module":"match","timestamp":"2025-10-19T16:42:23.652Z"}
{"level":"debug","message":"Beginning database schema validation","module":"boot","timestamp":"2025-10-19T16:42:34.766Z"}
{"level":"info","message":"Successfully started","timestamp":"2025-10-19T16:42:34.782Z"}
{"level":"info","message":"Executed query (SELECT COUNT(*) as count\n                       FROM information_schema.tables\n                       WHERE table_schema = ?\n                         AND table_name = ? [\"mri_Qbox_F5138A\",\"players\"]) in 160.0921ms'","module":"DBInterface","timestamp":"2025-10-19T16:42:35.929Z"}
{"level":"info","message":"Executed query (SHOW COLUMNS IN players []) in 16.3006ms'","module":"DBInterface","timestamp":"2025-10-19T16:42:35.946Z"}
{"level":"debug","message":"Database schema successfully validated","module":"boot","timestamp":"2025-10-19T16:42:35.946Z"}
{"level":"info","message":"New NPWD Player added through event (1) (PVLBTK47)","module":"player","timestamp":"2025-10-19T16:51:10.255Z"}
{"level":"debug","message":{"_firstname":"Girelli","_identifier":"PVLBTK47","_lastname":"Dev","_phoneNumber":"6919579153","source":1,"username":"GirelliDev"},"module":"player","timestamp":"2025-10-19T16:51:10.255Z"}
{"level":"info","message":"New NPWD Player added through event (1) (PVLBTK47)","module":"player","timestamp":"2025-10-19T16:51:10.271Z"}
{"level":"debug","message":{"_firstname":"Girelli","_identifier":"PVLBTK47","_lastname":"Dev","_phoneNumber":"6919579153","source":1,"username":"GirelliDev"},"module":"player","timestamp":"2025-10-19T16:51:10.271Z"}
{"level":"silly","message":"netPromise > npwd:fetchTweets > RequestObj","module":"events","timestamp":"2025-10-19T16:51:10.322Z"}
{"level":"silly","message":{"data":{"pageId":0},"source":1},"module":"events","timestamp":"2025-10-19T16:51:10.322Z"}
{"level":"info","message":"Executed query (\n        SELECT *\n        FROM npwd_twitter_profiles\n        WHERE identifier = ?\n        LIMIT 1\n\t\t [\"PVLBTK47\"]) in 5.8236ms'","module":"DBInterface","timestamp":"2025-10-19T16:51:10.328Z"}
{"level":"warn","message":"Aborted fetching tweets for user PVLBTK47 because they do not have a profile.","module":"twitter","timestamp":"2025-10-19T16:51:10.328Z"}
{"level":"silly","message":"Response Promise Event npwd:fetchTweets:e012e863-32c2-476b-9f89-c8929399b8c3 (7.4429ms), Data >>","module":"events","timestamp":"2025-10-19T16:51:10.329Z"}
{"level":"silly","message":{"data":[],"status":"ok"},"module":"events","timestamp":"2025-10-19T16:51:10.330Z"}
{"level":"silly","message":"netPromise > npwd:getOrCreateTwitterProfile > RequestObj","module":"events","timestamp":"2025-10-19T16:51:10.533Z"}
{"level":"silly","message":{"data":null,"source":1},"module":"events","timestamp":"2025-10-19T16:51:10.533Z"}
{"level":"silly","message":"netPromise > phone:getMyProfile > RequestObj","module":"events","timestamp":"2025-10-19T16:51:10.535Z"}
{"level":"silly","message":{"data":null,"source":1},"module":"events","timestamp":"2025-10-19T16:51:10.535Z"}
{"level":"silly","message":"netPromise > npwd:fetchMessageGroups > RequestObj","module":"events","timestamp":"2025-10-19T16:51:10.543Z"}
{"level":"silly","message":{"data":null,"source":1},"module":"events","timestamp":"2025-10-19T16:51:10.543Z"}
{"level":"silly","message":"netPromise > npwd-contact-getAll > RequestObj","module":"events","timestamp":"2025-10-19T16:51:10.545Z"}
{"level":"silly","message":{"data":null,"source":1},"module":"events","timestamp":"2025-10-19T16:51:10.546Z"}
{"level":"info","message":"Executed query (\n        SELECT *\n        FROM npwd_twitter_profiles\n        WHERE identifier = ?\n        LIMIT 1\n\t\t [\"PVLBTK47\"]) in 17.6138ms'","module":"DBInterface","timestamp":"2025-10-19T16:51:10.552Z"}
{"level":"info","message":"Creating default Twitter profile Girelli_Dev for PVLBTK47","module":"twitter","timestamp":"2025-10-19T16:51:10.552Z"}
{"level":"info","message":"Executed query (\n        SELECT *\n        FROM npwd_twitter_profiles\n        WHERE identifier = ?\n        LIMIT 1\n\t\t [\"PVLBTK47\"]) in 2.9822ms'","module":"DBInterface","timestamp":"2025-10-19T16:51:10.584Z"}
{"level":"silly","message":"Response Promise Event npwd:getOrCreateTwitterProfile:50936dd1-92fb-4fee-9fc6-62f5d2ed3a3c (51.7726ms), Data >>","module":"events","timestamp":"2025-10-19T16:51:10.585Z"}
{"level":"info","message":"Executed query (\n        SELECT *,\n               UNIX_TIMESTAMP(updatedAt) AS lastActive\n        FROM npwd_match_profiles\n        WHERE identifier = ?\n        LIMIT 1\n\t\t [\"PVLBTK47\"]) in 46.1648ms'","module":"DBInterface","timestamp":"2025-10-19T16:51:10.587Z"}
{"level":"info","message":"Executed query (SELECT * FROM npwd_phone_contacts WHERE identifier = ? ORDER BY display ASC [\"PVLBTK47\"]) in 43.1947ms'","module":"DBInterface","timestamp":"2025-10-19T16:51:10.590Z"}
{"level":"info","message":"Executed query (SELECT npwd_messages_conversations.id,\n                          npwd_messages_conversations.conversation_list         as conversationList,\n                          npwd_messages_participants.unread_count               as unreadCount,\n                          npwd_messages_conversations.is_group_chat             as isGroupChat,\n                          npwd_messages_conversations.label,\n                          UNIX_TIMESTAMP(npwd_messages_conversations.updatedAt) as updatedAt,\n                          npwd_messages_participants.participant\n                   FROM npwd_messages_conversations\n                            INNER JOIN npwd_messages_participants\n                                       on npwd_messages_conversations.id = npwd_messages_participants.conversation_id\n                   WHERE npwd_messages_participants.participant = ? [\"6919579153\"]) in 47.7406ms'","module":"DBInterface","timestamp":"2025-10-19T16:51:10.592Z"}
{"level":"silly","message":{"data":{"avatar_url":"https://i.fivemanage.com/images/3ClWwmpwkFhL.png","createdAt":"2025-10-19T16:51:10.000Z","id":1,"identifier":"PVLBTK47","profile_name":"Girelli_Dev","updatedAt":"2025-10-19T16:51:10.000Z"},"status":"ok"},"module":"events","timestamp":"2025-10-19T16:51:10.585Z"}
{"level":"info","message":"Creating default match profile Girelli Dev for PVLBTK47","module":"match","timestamp":"2025-10-19T16:51:10.588Z"}
{"level":"silly","message":"Response Promise Event npwd-contact-getAll:187ab516-dab2-4341-aa64-2899ec27cacc (44.5755ms), Data >>","module":"events","timestamp":"2025-10-19T16:51:10.590Z"}
{"level":"silly","message":{"data":[],"status":"ok"},"module":"events","timestamp":"2025-10-19T16:51:10.590Z"}
{"level":"silly","message":"Response Promise Event npwd:fetchMessageGroups:63210824-7acc-42d8-9e13-c5f635321d0b (48.8518ms), Data >>","module":"events","timestamp":"2025-10-19T16:51:10.592Z"}
{"level":"silly","message":{"data":[],"status":"ok"},"module":"events","timestamp":"2025-10-19T16:51:10.592Z"}
{"level":"info","message":"Executed query (\n        SELECT *,\n               UNIX_TIMESTAMP(updatedAt) AS lastActive\n        FROM npwd_match_profiles\n        WHERE identifier = ?\n        LIMIT 1\n\t\t [\"PVLBTK47\"]) in 1.6054ms'","module":"DBInterface","timestamp":"2025-10-19T16:51:10.602Z"}
{"level":"silly","message":"Response Promise Event phone:getMyProfile:70472598-b968-4233-9ad9-767980199259 (68.3797ms), Data >>","module":"events","timestamp":"2025-10-19T16:51:10.603Z"}
{"level":"silly","message":{"data":{"bio":"","createdAt":"2025-10-19T16:51:10.000Z","id":1,"identifier":"PVLBTK47","image":"https://upload.wikimedia.org/wikipedia/commons/a/ac/No_image_available.svg","job":"","lastActive":1760892670,"lastActiveFormatted":"Sun, 19 Oct 2025 16:51:10 GMT","location":"","name":"Girelli Dev","tagList":[],"tags":"","updatedAt":"2025-10-19T16:51:10.000Z","viewed":false,"voiceMessage":null},"status":"ok"},"module":"events","timestamp":"2025-10-19T16:51:10.604Z"}
{"level":"info","message":"Executed query (SELECT id FROM npwd_marketplace_listings WHERE identifier = ? [\"PVLBTK47\"]) in 8.6039ms'","module":"DBInterface","timestamp":"2025-10-19T16:53:45.367Z"}
{"level":"info","message":"Executed query (DELETE FROM npwd_marketplace_listings WHERE identifier = ? AND reported = 0 [\"PVLBTK47\"]) in 8.9324ms'","module":"DBInterface","timestamp":"2025-10-19T16:53:45.376Z"}
{"level":"info","message":"Unloaded NPWD Player, source: (1)","module":"player","timestamp":"2025-10-19T16:53:45.376Z"}
{"level":"info","message":"New NPWD Player added through event (2) (PVLBTK47)","module":"player","timestamp":"2025-10-19T16:55:42.035Z"}
{"level":"debug","message":{"_firstname":"Girelli","_identifier":"PVLBTK47","_lastname":"Dev","_phoneNumber":"6919579153","source":2,"username":"GirelliDev"},"module":"player","timestamp":"2025-10-19T16:55:42.035Z"}
{"level":"info","message":"New NPWD Player added through event (2) (PVLBTK47)","module":"player","timestamp":"2025-10-19T16:55:42.043Z"}
{"level":"debug","message":{"_firstname":"Girelli","_identifier":"PVLBTK47","_lastname":"Dev","_phoneNumber":"6919579153","source":2,"username":"GirelliDev"},"module":"player","timestamp":"2025-10-19T16:55:42.043Z"}
{"level":"silly","message":"netPromise > npwd:fetchTweets > RequestObj","module":"events","timestamp":"2025-10-19T16:55:42.134Z"}
{"level":"silly","message":{"data":{"pageId":0},"source":2},"module":"events","timestamp":"2025-10-19T16:55:42.134Z"}
{"level":"info","message":"Executed query (\n        SELECT *\n        FROM npwd_twitter_profiles\n        WHERE identifier = ?\n        LIMIT 1\n\t\t [\"PVLBTK47\"]) in 4.9592ms'","module":"DBInterface","timestamp":"2025-10-19T16:55:42.140Z"}
{"level":"info","message":"Executed query (\n        SELECT \n  npwd_twitter_tweets.id,\n  npwd_twitter_tweets.identifier,\n  npwd_twitter_profiles.id AS profile_id,\n  npwd_twitter_profiles.profile_name,\n  npwd_twitter_profiles.avatar_url,\n  npwd_twitter_tweets.likes,\n  npwd_twitter_tweets.visible,\n  IFNULL(COALESCE(retweets.message, npwd_twitter_tweets.message), '') AS message,\n  IFNULL(COALESCE(retweets.images, npwd_twitter_tweets.images), '') AS images,\n  npwd_twitter_tweets.retweet IS NOT NULL AS isRetweet,\n  retweets.id AS retweetId,\n  retweets_profiles.profile_name AS retweetProfileName,\n  retweets_profiles.avatar_url AS retweetAvatarUrl,\n  npwd_twitter_likes.id IS NOT NULL AS isLiked,\n  npwd_twitter_reports.id IS NOT NULL AS isReported,\n  npwd_twitter_tweets.createdAt,\n  npwd_twitter_tweets.updatedAt,\n  TIME_TO_SEC(TIMEDIFF( NOW(), npwd_twitter_tweets.createdAt)) AS seconds_since_tweet\n\n        FROM npwd_twitter_tweets\n                 LEFT OUTER JOIN npwd_twitter_profiles\n                                 ON npwd_twitter_tweets.identifier = npwd_twitter_profiles.identifier\n                 LEFT OUTER JOIN npwd_twitter_likes ON npwd_twitter_tweets.id = npwd_twitter_likes.tweet_id AND\n                                                       npwd_twitter_likes.profile_id = ?\n                 LEFT OUTER JOIN npwd_twitter_reports ON npwd_twitter_tweets.id = npwd_twitter_reports.tweet_id AND\n                                                         npwd_twitter_reports.profile_id = ?\n                 LEFT OUTER JOIN npwd_twitter_tweets AS retweets ON retweets.id = npwd_twitter_tweets.retweet\n                 LEFT OUTER JOIN npwd_twitter_profiles AS retweets_profiles\n                                 ON retweets.identifier = retweets_profiles.identifier\n        WHERE npwd_twitter_tweets.visible = 1\n        ORDER BY id DESC\n        LIMIT ? OFFSET ?\n\t\t [1,1,\"25\",\"0\"]) in 49.0368ms'","module":"DBInterface","timestamp":"2025-10-19T16:55:42.189Z"}
{"level":"silly","message":"Response Promise Event npwd:fetchTweets:54706c18-052c-4351-bb80-e888042d1d14 (55.7245ms), Data >>","module":"events","timestamp":"2025-10-19T16:55:42.190Z"}
{"level":"silly","message":{"data":[],"status":"ok"},"module":"events","timestamp":"2025-10-19T16:55:42.190Z"}
{"level":"silly","message":"netPromise > npwd:getOrCreateTwitterProfile > RequestObj","module":"events","timestamp":"2025-10-19T16:55:42.283Z"}
{"level":"silly","message":{"data":null,"source":2},"module":"events","timestamp":"2025-10-19T16:55:42.283Z"}
{"level":"silly","message":"netPromise > phone:getMyProfile > RequestObj","module":"events","timestamp":"2025-10-19T16:55:42.284Z"}
{"level":"silly","message":{"data":null,"source":2},"module":"events","timestamp":"2025-10-19T16:55:42.284Z"}
{"level":"silly","message":"netPromise > npwd:fetchMessageGroups > RequestObj","module":"events","timestamp":"2025-10-19T16:55:42.284Z"}
{"level":"silly","message":{"data":null,"source":2},"module":"events","timestamp":"2025-10-19T16:55:42.284Z"}
{"level":"silly","message":"netPromise > npwd-contact-getAll > RequestObj","module":"events","timestamp":"2025-10-19T16:55:42.284Z"}
{"level":"silly","message":{"data":null,"source":2},"module":"events","timestamp":"2025-10-19T16:55:42.285Z"}
{"level":"info","message":"Executed query (\n        SELECT *\n        FROM npwd_twitter_profiles\n        WHERE identifier = ?\n        LIMIT 1\n\t\t [\"PVLBTK47\"]) in 2.8884ms'","module":"DBInterface","timestamp":"2025-10-19T16:55:42.286Z"}
{"level":"silly","message":"Response Promise Event npwd:getOrCreateTwitterProfile:67a092aa-8bc4-409b-b4d1-b06c5ef7e1b2 (3.5663ms), Data >>","module":"events","timestamp":"2025-10-19T16:55:42.287Z"}
{"level":"silly","message":{"data":{"avatar_url":"https://i.fivemanage.com/images/3ClWwmpwkFhL.png","createdAt":"2025-10-19T16:51:10.000Z","id":1,"identifier":"PVLBTK47","profile_name":"Girelli_Dev","updatedAt":"2025-10-19T16:51:10.000Z"},"status":"ok"},"module":"events","timestamp":"2025-10-19T16:55:42.287Z"}
{"level":"info","message":"Executed query (\n        SELECT *,\n               UNIX_TIMESTAMP(updatedAt) AS lastActive\n        FROM npwd_match_profiles\n        WHERE identifier = ?\n        LIMIT 1\n\t\t [\"PVLBTK47\"]) in 4.8719ms'","module":"DBInterface","timestamp":"2025-10-19T16:55:42.289Z"}
{"level":"silly","message":"Response Promise Event phone:getMyProfile:4291837d-20eb-456f-a7e2-c040f0ad7613 (5.6494ms), Data >>","module":"events","timestamp":"2025-10-19T16:55:42.289Z"}
{"level":"silly","message":{"data":{"bio":"","createdAt":"2025-10-19T16:51:10.000Z","id":1,"identifier":"PVLBTK47","image":"https://upload.wikimedia.org/wikipedia/commons/a/ac/No_image_available.svg","job":"","lastActive":1760892670,"lastActiveFormatted":"Sun, 19 Oct 2025 16:51:10 GMT","location":"","name":"Girelli Dev","tagList":[],"tags":"","updatedAt":"2025-10-19T16:51:10.000Z","viewed":false,"voiceMessage":null},"status":"ok"},"module":"events","timestamp":"2025-10-19T16:55:42.290Z"}
{"level":"silly","message":"Response Promise Event npwd:fetchMessageGroups:e23dd3a9-6a5e-4fd4-b4d0-1b346310bd86 (6.2868ms), Data >>","module":"events","timestamp":"2025-10-19T16:55:42.290Z"}
{"level":"silly","message":{"data":[],"status":"ok"},"module":"events","timestamp":"2025-10-19T16:55:42.291Z"}
{"level":"silly","message":"Response Promise Event npwd-contact-getAll:411c7ae1-5932-42ab-b18f-c63e0c8ae531 (6.9209ms), Data >>","module":"events","timestamp":"2025-10-19T16:55:42.291Z"}
{"level":"info","message":"Executed query (SELECT npwd_messages_conversations.id,\n                          npwd_messages_conversations.conversation_list         as conversationList,\n                          npwd_messages_participants.unread_count               as unreadCount,\n                          npwd_messages_conversations.is_group_chat             as isGroupChat,\n                          npwd_messages_conversations.label,\n                          UNIX_TIMESTAMP(npwd_messages_conversations.updatedAt) as updatedAt,\n                          npwd_messages_participants.participant\n                   FROM npwd_messages_conversations\n                            INNER JOIN npwd_messages_participants\n                                       on npwd_messages_conversations.id = npwd_messages_participants.conversation_id\n                   WHERE npwd_messages_participants.participant = ? [\"6919579153\"]) in 5.7886ms'","module":"DBInterface","timestamp":"2025-10-19T16:55:42.290Z"}
{"level":"silly","message":{"data":[],"status":"ok"},"module":"events","timestamp":"2025-10-19T16:55:42.292Z"}
{"level":"info","message":"Executed query (SELECT * FROM npwd_phone_contacts WHERE identifier = ? ORDER BY display ASC [\"PVLBTK47\"]) in 6.4145ms'","module":"DBInterface","timestamp":"2025-10-19T16:55:42.291Z"}
{"level":"info","message":"Executed query (SELECT id FROM npwd_marketplace_listings WHERE identifier = ? [\"PVLBTK47\"]) in 9.0683ms'","module":"DBInterface","timestamp":"2025-10-19T17:26:47.985Z"}
{"level":"info","message":"Executed query (DELETE FROM npwd_marketplace_listings WHERE identifier = ? AND reported = 0 [\"PVLBTK47\"]) in 0.7372ms'","module":"DBInterface","timestamp":"2025-10-19T17:26:47.986Z"}
{"level":"info","message":"Unloaded NPWD Player, source: (2)","module":"player","timestamp":"2025-10-19T17:26:47.986Z"}
{"level":"debug","message":"Marketplace service started","module":"marketplace","timestamp":"2025-10-19T17:58:42.457Z"}
{"level":"debug","message":"Call service started","module":"calls","timestamp":"2025-10-19T17:58:42.458Z"}
{"level":"debug","message":"Player Service started","module":"player","timestamp":"2025-10-19T17:58:42.459Z"}
{"level":"info","message":"Loading QBX bridge....","timestamp":"2025-10-19T17:58:42.459Z"}
{"level":"info","message":"QBX bridge initialized","timestamp":"2025-10-19T17:58:42.459Z"}
{"level":"debug","message":"Boot service started","module":"boot","timestamp":"2025-10-19T17:58:42.459Z"}
{"level":"debug","message":"Messages service started","module":"messages","timestamp":"2025-10-19T17:58:42.460Z"}
{"level":"debug","message":"Notes service started","module":"notes","timestamp":"2025-10-19T17:58:42.460Z"}
{"level":"debug","message":"Contacts service started","module":"contact","timestamp":"2025-10-19T17:58:42.460Z"}
{"level":"debug","message":"Photo service started","module":"photo","timestamp":"2025-10-19T17:58:42.471Z"}
{"level":"debug","message":"Twitter service started","module":"twitter","timestamp":"2025-10-19T17:58:42.471Z"}
{"level":"debug","message":"Match service started","module":"match","timestamp":"2025-10-19T17:58:42.473Z"}
{"level":"debug","message":"Beginning database schema validation","module":"boot","timestamp":"2025-10-19T17:58:52.829Z"}
{"level":"info","message":"Successfully started","timestamp":"2025-10-19T17:58:52.841Z"}
{"level":"info","message":"Executed query (SELECT COUNT(*) as count\n                       FROM information_schema.tables\n                       WHERE table_schema = ?\n                         AND table_name = ? [\"mri_Qbox_F5138A\",\"players\"]) in 389.7329ms'","module":"DBInterface","timestamp":"2025-10-19T17:58:54.221Z"}
{"level":"info","message":"Executed query (SHOW COLUMNS IN players []) in 95.1424ms'","module":"DBInterface","timestamp":"2025-10-19T17:58:54.316Z"}
{"level":"debug","message":"Database schema successfully validated","module":"boot","timestamp":"2025-10-19T17:58:54.316Z"}
{"level":"info","message":"New NPWD Player added through event (1) (PVLBTK47)","module":"player","timestamp":"2025-10-19T18:03:39.531Z"}
{"level":"debug","message":{"_firstname":"Girelli","_identifier":"PVLBTK47","_lastname":"Dev","_phoneNumber":"6919579153","source":1,"username":"GirelliDev"},"module":"player","timestamp":"2025-10-19T18:03:39.532Z"}
{"level":"info","message":"New NPWD Player added through event (1) (PVLBTK47)","module":"player","timestamp":"2025-10-19T18:03:39.538Z"}
{"level":"debug","message":{"_firstname":"Girelli","_identifier":"PVLBTK47","_lastname":"Dev","_phoneNumber":"6919579153","source":1,"username":"GirelliDev"},"module":"player","timestamp":"2025-10-19T18:03:39.538Z"}
{"level":"silly","message":"netPromise > npwd:fetchTweets > RequestObj","module":"events","timestamp":"2025-10-19T18:03:39.618Z"}
{"level":"silly","message":{"data":{"pageId":0},"source":1},"module":"events","timestamp":"2025-10-19T18:03:39.618Z"}
{"level":"info","message":"Executed query (\n        SELECT *\n        FROM npwd_twitter_profiles\n        WHERE identifier = ?\n        LIMIT 1\n\t\t [\"PVLBTK47\"]) in 9.3407ms'","module":"DBInterface","timestamp":"2025-10-19T18:03:39.628Z"}
{"level":"info","message":"Executed query (\n        SELECT \n  npwd_twitter_tweets.id,\n  npwd_twitter_tweets.identifier,\n  npwd_twitter_profiles.id AS profile_id,\n  npwd_twitter_profiles.profile_name,\n  npwd_twitter_profiles.avatar_url,\n  npwd_twitter_tweets.likes,\n  npwd_twitter_tweets.visible,\n  IFNULL(COALESCE(retweets.message, npwd_twitter_tweets.message), '') AS message,\n  IFNULL(COALESCE(retweets.images, npwd_twitter_tweets.images), '') AS images,\n  npwd_twitter_tweets.retweet IS NOT NULL AS isRetweet,\n  retweets.id AS retweetId,\n  retweets_profiles.profile_name AS retweetProfileName,\n  retweets_profiles.avatar_url AS retweetAvatarUrl,\n  npwd_twitter_likes.id IS NOT NULL AS isLiked,\n  npwd_twitter_reports.id IS NOT NULL AS isReported,\n  npwd_twitter_tweets.createdAt,\n  npwd_twitter_tweets.updatedAt,\n  TIME_TO_SEC(TIMEDIFF( NOW(), npwd_twitter_tweets.createdAt)) AS seconds_since_tweet\n\n        FROM npwd_twitter_tweets\n                 LEFT OUTER JOIN npwd_twitter_profiles\n                                 ON npwd_twitter_tweets.identifier = npwd_twitter_profiles.identifier\n                 LEFT OUTER JOIN npwd_twitter_likes ON npwd_twitter_tweets.id = npwd_twitter_likes.tweet_id AND\n                                                       npwd_twitter_likes.profile_id = ?\n                 LEFT OUTER JOIN npwd_twitter_reports ON npwd_twitter_tweets.id = npwd_twitter_reports.tweet_id AND\n                                                         npwd_twitter_reports.profile_id = ?\n                 LEFT OUTER JOIN npwd_twitter_tweets AS retweets ON retweets.id = npwd_twitter_tweets.retweet\n                 LEFT OUTER JOIN npwd_twitter_profiles AS retweets_profiles\n                                 ON retweets.identifier = retweets_profiles.identifier\n        WHERE npwd_twitter_tweets.visible = 1\n        ORDER BY id DESC\n        LIMIT ? OFFSET ?\n\t\t [1,1,\"25\",\"0\"]) in 19.7522ms'","module":"DBInterface","timestamp":"2025-10-19T18:03:39.648Z"}
{"level":"silly","message":"Response Promise Event npwd:fetchTweets:463e749c-d4c8-4b9a-9577-abaa96abdb50 (30.7256ms), Data >>","module":"events","timestamp":"2025-10-19T18:03:39.649Z"}
{"level":"silly","message":{"data":[],"status":"ok"},"module":"events","timestamp":"2025-10-19T18:03:39.649Z"}
{"level":"silly","message":"netPromise > npwd:getOrCreateTwitterProfile > RequestObj","module":"events","timestamp":"2025-10-19T18:03:39.717Z"}
{"level":"silly","message":{"data":null,"source":1},"module":"events","timestamp":"2025-10-19T18:03:39.717Z"}
{"level":"silly","message":"netPromise > phone:getMyProfile > RequestObj","module":"events","timestamp":"2025-10-19T18:03:39.717Z"}
{"level":"silly","message":{"data":null,"source":1},"module":"events","timestamp":"2025-10-19T18:03:39.718Z"}
{"level":"silly","message":"netPromise > npwd:fetchMessageGroups > RequestObj","module":"events","timestamp":"2025-10-19T18:03:39.719Z"}
{"level":"silly","message":{"data":null,"source":1},"module":"events","timestamp":"2025-10-19T18:03:39.719Z"}
{"level":"silly","message":"netPromise > npwd-contact-getAll > RequestObj","module":"events","timestamp":"2025-10-19T18:03:39.720Z"}
{"level":"silly","message":{"data":null,"source":1},"module":"events","timestamp":"2025-10-19T18:03:39.720Z"}
{"level":"info","message":"Executed query (\n        SELECT *\n        FROM npwd_twitter_profiles\n        WHERE identifier = ?\n        LIMIT 1\n\t\t [\"PVLBTK47\"]) in 6.3662ms'","module":"DBInterface","timestamp":"2025-10-19T18:03:39.724Z"}
{"level":"silly","message":"Response Promise Event npwd:getOrCreateTwitterProfile:ca28ed20-d9c3-4d1d-8c4f-a681d6f2a737 (7.1978ms), Data >>","module":"events","timestamp":"2025-10-19T18:03:39.724Z"}
{"level":"silly","message":{"data":{"avatar_url":"https://i.fivemanage.com/images/3ClWwmpwkFhL.png","createdAt":"2025-10-19T16:51:10.000Z","id":1,"identifier":"PVLBTK47","profile_name":"Girelli_Dev","updatedAt":"2025-10-19T16:51:10.000Z"},"status":"ok"},"module":"events","timestamp":"2025-10-19T18:03:39.725Z"}
{"level":"info","message":"Executed query (SELECT npwd_messages_conversations.id,\n                          npwd_messages_conversations.conversation_list         as conversationList,\n                          npwd_messages_participants.unread_count               as unreadCount,\n                          npwd_messages_conversations.is_group_chat             as isGroupChat,\n                          npwd_messages_conversations.label,\n                          UNIX_TIMESTAMP(npwd_messages_conversations.updatedAt) as updatedAt,\n                          npwd_messages_participants.participant\n                   FROM npwd_messages_conversations\n                            INNER JOIN npwd_messages_participants\n                                       on npwd_messages_conversations.id = npwd_messages_participants.conversation_id\n                   WHERE npwd_messages_participants.participant = ? [\"6919579153\"]) in 17.0883ms'","module":"DBInterface","timestamp":"2025-10-19T18:03:39.736Z"}
{"level":"silly","message":"Response Promise Event npwd:fetchMessageGroups:23dd149d-5571-41b2-8de7-9c31be24bf5b (17.7505ms), Data >>","module":"events","timestamp":"2025-10-19T18:03:39.737Z"}
{"level":"silly","message":{"data":[],"status":"ok"},"module":"events","timestamp":"2025-10-19T18:03:39.737Z"}
{"level":"info","message":"Executed query (\n        SELECT *,\n               UNIX_TIMESTAMP(updatedAt) AS lastActive\n        FROM npwd_match_profiles\n        WHERE identifier = ?\n        LIMIT 1\n\t\t [\"PVLBTK47\"]) in 20.1656ms'","module":"DBInterface","timestamp":"2025-10-19T18:03:39.738Z"}
{"level":"silly","message":"Response Promise Event phone:getMyProfile:761bad48-ac75-4d3d-a39a-7f1df9a9c041 (21.5694ms), Data >>","module":"events","timestamp":"2025-10-19T18:03:39.739Z"}
{"level":"silly","message":{"data":{"bio":"","createdAt":"2025-10-19T16:51:10.000Z","id":1,"identifier":"PVLBTK47","image":"https://upload.wikimedia.org/wikipedia/commons/a/ac/No_image_available.svg","job":"","lastActive":1760892670,"lastActiveFormatted":"Sun, 19 Oct 2025 16:51:10 GMT","location":"","name":"Girelli Dev","tagList":[],"tags":"","updatedAt":"2025-10-19T16:51:10.000Z","viewed":false,"voiceMessage":null},"status":"ok"},"module":"events","timestamp":"2025-10-19T18:03:39.739Z"}
{"level":"silly","message":"Response Promise Event npwd-contact-getAll:cbae7ac4-8311-409e-8a02-425814cf04ce (20.5682ms), Data >>","module":"events","timestamp":"2025-10-19T18:03:39.740Z"}
{"level":"silly","message":{"data":[],"status":"ok"},"module":"events","timestamp":"2025-10-19T18:03:39.741Z"}
{"level":"info","message":"Executed query (SELECT * FROM npwd_phone_contacts WHERE identifier = ? ORDER BY display ASC [\"PVLBTK47\"]) in 20.0791ms'","module":"DBInterface","timestamp":"2025-10-19T18:03:39.740Z"}
