================================================================
======== txAdmin v8.0.1 atop fxserver 21130 Starting - 19/10/2025 16:27:21
================================================================
[16:28:48][Matheus_Girelli] created admins file
[16:29:18][Matheus_Girelli] Config changes: general.serverName
[16:29:18][Matheus_Girelli] Changing global settings via setup stepper and started Deployer.
[16:29:39][Matheus_Girelli] Setting recipe.
[16:29:51][Matheus_Girelli] Running recipe.
[16:36:11][Matheus_Girelli] Config changes: server.dataPath
[16:36:11][Matheus_Girelli] Completed and committed server deploy.
[16:36:56][Matheus_Girelli] [Matheus_Girelli] executed "STOP SERVER"
[16:38:17][Matheus_Girelli] [Matheus_Girelli] executed "START SERVER"
[17:04:59][Matheus_Girelli] [Matheus_Girelli] executed "RESTART SERVER"
[17:05:37][Matheus_Girelli] [Matheus_Girelli] executed "RESTART SERVER"
[17:06:53][Matheus_Girelli] [Matheus_Girelli] executed "RESTART SERVER"
[17:47:03][Matheus_Girelli] [Matheus_Girelli] executed "RESTART SERVER"
[17:50:55][Matheus_Girelli] [Matheus_Girelli] executed "RESTART SERVER"
[18:04:07][Matheus_Girelli] [Matheus_Girelli] executed "STOP SERVER"
[18:05:15][Matheus_Girelli] [Matheus_Girelli] executed "START SERVER"
[18:07:38][MONITOR] Restarting server: Resource "cfx-cpx-maps" failed to start within the 1m30s time limit (P:2m22s|HB:--|HC:1s).
[18:10:26][MONITOR] Restarting server: Resource "cfx-cpx-roupas" failed to start within the 1m30s time limit (P:2m42s|HB:--|HC:1s).
[19:08:35][Matheus_Girelli] [Matheus_Girelli] executed "RESTART SERVER"
[20:21:39][Matheus_Girelli] [Matheus_Girelli] executed "RESTART SERVER"
[20:22:37][MONITOR] Restarting server: Server boot timed out (P:45s|HB:--|HC:--).
================================================================
======== txAdmin v8.0.1 atop fxserver 21130 Starting - 19/10/2025 20:25:06
================================================================
[20:26:49][MONITOR] Restarting server: Resource "cfx-cpx-roupas" failed to start within the 1m30s time limit (P:1m41s|HB:--|HC:1s).
[21:18:50][Matheus_Girelli] logged in from 127.0.0.1 via cfxre
[21:19:05][Matheus_Girelli] [Matheus_Girelli] executed "RESTART SERVER"
