================================================================
======== txAdmin v8.0.1 atop fxserver 21130 Starting - 19/10/2025 16:27:21
================================================================
[16:36:30] txAdmin: Logger started
[16:39:30] txAdmin: Logger started
[16:49:01] [PmKpT#1] GirelliDev: joined with identifiers [license:a5a1…bbe3, xbl:2535…7083, live:8444…0086, discord:5464…9434, fivem:8952158, license2:152c…58a8]
[17:05:30] txAdmin: Logger started
[17:05:58] txAdmin: Logger started
[17:07:13] txAdmin: Logger started
[17:09:41] [3XnKq#1] GirelliDev: joined with identifiers [license:a5a1…bbe3, xbl:2535…7083, live:8444…0086, discord:5464…9434, fivem:8952158, license2:152c…58a8]
[17:11:01] [3XnKq#1] GirelliDev: said "/-usePoint"
[17:22:09] [3XnKq#1] GirelliDev: said "/fps "
[17:22:11] [3XnKq#1] GirelliDev: said "/fps on"
[17:48:16] txAdmin: Logger started
[17:51:25] txAdmin: Logger started
[17:55:28] [apyWp#1] GirelliDev: joined with identifiers [license:a5a1…bbe3, xbl:2535…7083, live:8444…0086, discord:5464…9434, fivem:8952158, license2:152c…58a8]
[17:57:59] [apyWp#1] GirelliDev: said "/addcar"
[18:12:16] txAdmin: Logger started
[18:37:01] [33cAX#1] GirelliDev: joined with identifiers [license:a5a1…bbe3, xbl:2535…7083, live:8444…0086, discord:5464…9434, fivem:8952158, license2:152c…58a8]
[19:10:14] txAdmin: Logger started
[19:38:33] [9pJRX#1] GirelliDev: joined with identifiers [license:a5a1…bbe3, xbl:2535…7083, live:8444…0086, discord:5464…9434, fivem:8952158, license2:152c…58a8]
================================================================
======== txAdmin v8.0.1 atop fxserver 21130 Starting - 19/10/2025 20:25:06
================================================================
[20:29:23] txAdmin: Logger started
[20:44:33] [UbRyT#1] GirelliDev: joined with identifiers [license:a5a1…bbe3, xbl:2535…7083, live:8444…0086, discord:5464…9434, fivem:8952158, license2:152c…58a8]
[21:20:18] txAdmin: Logger started
[21:22:48] [j8Bq7#1] GirelliDev: joined with identifiers [license:a5a1…bbe3, xbl:2535…7083, live:8444…0086, discord:5464…9434, fivem:8952158, license2:152c…58a8]
[21:39:37] [j8Bq7#1] GirelliDev: said "/-usePoint"
[22:09:59] [j8Bq7#1] GirelliDev: said "/-editPoint"
[22:09:59] [j8Bq7#1] GirelliDev: said "/-editPoint"
[22:10:00] [j8Bq7#1] GirelliDev: said "/-editPoint"
[22:16:36] txAdmin: Logger started
[22:18:08] [iJL9V#1] GirelliDev: joined with identifiers [license:a5a1…bbe3, xbl:2535…7083, live:8444…0086, discord:5464…9434, fivem:8952158, license2:152c…58a8]
[22:25:46] [iJL9V#1] GirelliDev: disconnected (Disconnected.)
[22:27:59] [iJL9V#2] GirelliDev: joined with identifiers [license:a5a1…bbe3, xbl:2535…7083, live:8444…0086, discord:5464…9434, fivem:8952158, license2:152c…58a8]
